{"numTotalTestSuites":12,"numPassedTestSuites":12,"numFailedTestSuites":0,"numPendingTestSuites":0,"numTotalTests":36,"numPassedTests":36,"numFailedTests":0,"numPendingTests":0,"numTodoTests":0,"snapshot":{"added":0,"failure":false,"filesAdded":0,"filesRemoved":0,"filesRemovedList":[],"filesUnmatched":0,"filesUpdated":0,"matched":0,"total":0,"unchecked":0,"uncheckedKeysByFile":[],"unmatched":0,"updated":0,"didUpdate":false},"startTime":1789214618538,"success":true,"testResults":[{"assertionResults":[{"ancestorTitles":["Phase 4C NavigationService destination boundary"],"fullName":"Phase 4C NavigationService destination boundary exposes an additive POI destination request seam while preserving node routing","status":"passed","title":"exposes an additive POI destination request seam while preserving node routing","duration":1.2732000000000028,"failureMessages":[],"meta":{},"tags":[]}],"startTime":1789214620075,"endTime":1789214620076.2732,"status":"passed","message":"","name":"C:/Users/Administrator/Desktop/CODEme/Navi/navi-next/packages/runtime/src/engine/__tests__/navigation-service-poi.test.ts"},{"assertionResults":[{"ancestorTitles":["Phase 4A runtime POI contract"],"fullName":"Phase 4A runtime POI contract loads authored geometry and identity without requiring a navigation node","status":"passed","title":"loads authored geometry and identity without requiring a navigation node","duration":2.3803000000000054,"failureMessages":[],"meta":{},"tags":[]},{"ancestorTitles":["Phase 4A runtime POI contract"],"fullName":"Phase 4A runtime POI contract continues rejecting a graph-derived POI with a missing node reference","status":"passed","title":"continues rejecting a graph-derived POI with a missing node reference","duration":0.3491999999999962,"failureMessages":[],"meta":{},"tags":[]},{"ancestorTitles":["Phase 4A runtime POI contract"],"fullName":"Phase 4A runtime POI contract loads an authored search entry without inventing a navigation node","status":"passed","title":"loads an authored search entry without inventing a navigation node","duration":0.29699999999999704,"failureMessages":[],"meta":{},"tags":[]},{"ancestorTitles":["Phase 4A runtime POI contract"],"fullName":"Phase 4A runtime POI contract loads an outdoor/campus POI with scope and without building/floor context","status":"passed","title":"loads an outdoor/campus POI with scope and without building/floor context","duration":0.4048999999999978,"failureMessages":[],"meta":{},"tags":[]},{"ancestorTitles":["Phase 4A runtime POI contract"],"fullName":"Phase 4A runtime POI contract carries authored visibility into the runtime POI","status":"passed","title":"carries authored visibility into the runtime POI","duration":0.18440000000001078,"failureMessages":[],"meta":{},"tags":[]},{"ancestorTitles":["Phase 4A runtime POI contract"],"fullName":"Phase 4A runtime POI contract loads a resolved preferred approach anchor into the runtime POI","status":"passed","title":"loads a resolved preferred approach anchor into the runtime POI","duration":0.1880999999999915,"failureMessages":[],"meta":{},"tags":[]}],"startTime":1789214619607,"endTime":1789214619610.4048,"status":"passed","message":"","name":"C:/Users/Administrator/Desktop/CODEme/Navi/navi-next/packages/runtime/src/loader/__tests__/poi-runtime-contract.test.ts"},{"assertionResults":[{"ancestorTitles":["Phase 4D POI arrival geometry contract"],"fullName":"Phase 4D POI arrival geometry contract centralizes a bounded 15 meter tolerance","status":"passed","title":"centralizes a bounded 15 meter tolerance","duration":1.7723000000000013,"failureMessages":[],"meta":{},"tags":[]},{"ancestorTitles":["Phase 4D POI arrival geometry contract"],"fullName":"Phase 4D POI arrival geometry contract supports legacy position-only and explicit Point POIs","status":"passed","title":"supports legacy position-only and explicit Point POIs","duration":0.3212999999999795,"failureMessages":[],"meta":{},"tags":[]},{"ancestorTitles":["Phase 4D POI arrival geometry contract"],"fullName":"Phase 4D POI arrival geometry contract uses Circle radius plus tolerance instead of requiring the center","status":"passed","title":"uses Circle radius plus tolerance instead of requiring the center","duration":0.39039999999999964,"failureMessages":[],"meta":{},"tags":[]},{"ancestorTitles":["Phase 4D POI arrival geometry contract"],"fullName":"Phase 4D POI arrival geometry contract arrives inside or near the boundary of a Rectangle","status":"passed","title":"arrives inside or near the boundary of a Rectangle","duration":0.5187999999999988,"failureMessages":[],"meta":{},"tags":[]},{"ancestorTitles":["Phase 4D POI arrival geometry contract"],"fullName":"Phase 4D POI arrival geometry contract arrives inside or near the boundary of an open Polygon ring","status":"passed","title":"arrives inside or near the boundary of an open Polygon ring","duration":0.3247000000000071,"failureMessages":[],"meta":{},"tags":[]},{"ancestorTitles":["Phase 4D POI arrival geometry contract"],"fullName":"Phase 4D POI arrival geometry contract requires matching building and floor context for indoor POIs","status":"passed","title":"requires matching building and floor context for indoor POIs","duration":0.21199999999998909,"failureMessages":[],"meta":{},"tags":[]},{"ancestorTitles":["Phase 4D POI arrival geometry contract"],"fullName":"Phase 4D POI arrival geometry contract fails safely for malformed geometry and invalid positions","status":"passed","title":"fails safely for malformed geometry and invalid positions","duration":0.22419999999999618,"failureMessages":[],"meta":{},"tags":[]}],"startTime":1789214619825,"endTime":1789214619829.224,"status":"passed","message":"","name":"C:/Users/Administrator/Desktop/CODEme/Navi/navi-next/packages/runtime/src/routing/__tests__/poi-arrival.test.ts"},{"assertionResults":[{"ancestorTitles":["Phase 4C runtime POI destination resolution"],"fullName":"Phase 4C runtime POI destination resolution resolves a point POI without a permanent node identity","status":"passed","title":"resolves a point POI without a permanent node identity","duration":11.482200000000006,"failureMessages":[],"meta":{},"tags":[]},{"ancestorTitles":["Phase 4C runtime POI destination resolution"],"fullName":"Phase 4C runtime POI destination resolution resolves a circle POI without a permanent node identity","status":"passed","title":"resolves a circle POI without a permanent node identity","duration":0.5985000000000014,"failureMessages":[],"meta":{},"tags":[]},{"ancestorTitles":["Phase 4C runtime POI destination resolution"],"fullName":"Phase 4C runtime POI destination resolution resolves a rectangle POI without a permanent node identity","status":"passed","title":"resolves a rectangle POI without a permanent node identity","duration":0.647199999999998,"failureMessages":[],"meta":{},"tags":[]},{"ancestorTitles":["Phase 4C runtime POI destination resolution"],"fullName":"Phase 4C runtime POI destination resolution resolves a polygon POI without a permanent node identity","status":"passed","title":"resolves a polygon POI without a permanent node identity","duration":0.382000000000005,"failureMessages":[],"meta":{},"tags":[]},{"ancestorTitles":["Phase 4C runtime POI destination resolution"],"fullName":"Phase 4C runtime POI destination resolution prefers an eligible same-floor hallway over a geographically close outdoor edge","status":"passed","title":"prefers an eligible same-floor hallway over a geographically close outdoor edge","duration":0.2890999999999906,"failureMessages":[],"meta":{},"tags":[]},{"ancestorTitles":["Phase 4C runtime POI destination resolution"],"fullName":"Phase 4C runtime POI destination resolution does not escape an indoor floor scope when another floor overlaps in world coordinates","status":"passed","title":"does not escape an indoor floor scope when another floor overlaps in world coordinates","duration":0.25200000000000955,"failureMessages":[],"meta":{},"tags":[]},{"ancestorTitles":["Phase 4C runtime POI destination resolution"],"fullName":"Phase 4C runtime POI destination resolution uses outdoor scope for a POI without building context and rejects vehicle-only metadata","status":"passed","title":"uses outdoor scope for a POI without building context and rejects vehicle-only metadata","duration":0.47509999999999764,"failureMessages":[],"meta":{},"tags":[]},{"ancestorTitles":["Phase 4C runtime POI destination resolution"],"fullName":"Phase 4C runtime POI destination resolution returns typed failures for missing, malformed, and out-of-range destinations","status":"passed","title":"returns typed failures for missing, malformed, and out-of-range destinations","duration":0.3779999999999859,"failureMessages":[],"meta":{},"tags":[]},{"ancestorTitles":["Phase 4C runtime POI destination resolution"],"fullName":"Phase 4C runtime POI destination resolution has a deterministic candidate tie-break independent of insertion order","status":"passed","title":"has a deterministic candidate tie-break independent of insertion order","duration":0.5232000000000028,"failureMessages":[],"meta":{},"tags":[]},{"ancestorTitles":["Outdoor/campus POI destination resolution"],"fullName":"Outdoor/campus POI destination resolution resolves an outdoor circle POI with scope/geometry onto the outdoor edge","status":"passed","title":"resolves an outdoor circle POI with scope/geometry onto the outdoor edge","duration":0.5220999999999947,"failureMessages":[],"meta":{},"tags":[]},{"ancestorTitles":["Outdoor/campus POI destination resolution"],"fullName":"Outdoor/campus POI destination resolution resolves an outdoor rectangle POI with scope/geometry onto the outdoor edge","status":"passed","title":"resolves an outdoor rectangle POI with scope/geometry onto the outdoor edge","duration":0.3316000000000088,"failureMessages":[],"meta":{},"tags":[]},{"ancestorTitles":["Outdoor/campus POI destination resolution"],"fullName":"Outdoor/campus POI destination resolution resolves an outdoor polygon POI with scope/geometry onto the outdoor edge","status":"passed","title":"resolves an outdoor polygon POI with scope/geometry onto the outdoor edge","duration":0.26189999999999714,"failureMessages":[],"meta":{},"tags":[]},{"ancestorTitles":["Outdoor/campus POI destination resolution"],"fullName":"Outdoor/campus POI destination resolution keeps an outdoor POI out of indoor edges even when coordinates overlap","status":"passed","title":"keeps an outdoor POI out of indoor edges even when coordinates overlap","duration":0.1717999999999904,"failureMessages":[],"meta":{},"tags":[]},{"ancestorTitles":["Preferred POI approach anchor"],"fullName":"Preferred POI approach anchor keeps automatic as the default selection when no anchor is present","status":"passed","title":"keeps automatic as the default selection when no anchor is present","duration":0.2675999999999874,"failureMessages":[],"meta":{},"tags":[]},{"ancestorTitles":["Preferred POI approach anchor"],"fullName":"Preferred POI approach anchor uses the resolved preferred anchor to choose the nearest eligible edge","status":"passed","title":"uses the resolved preferred anchor to choose the nearest eligible edge","duration":0.29589999999998895,"failureMessages":[],"meta":{},"tags":[]},{"ancestorTitles":["Preferred POI approach anchor"],"fullName":"Preferred POI approach anchor falls back to automatic when the preferred anchor is invalid","status":"passed","title":"falls back to automatic when the preferred anchor is invalid","duration":0.17430000000001655,"failureMessages":[],"meta":{},"tags":[]}],"startTime":1789214619421,"endTime":1789214619438.296,"status":"passed","message":"","name":"C:/Users/Administrator/Desktop/CODEme/Navi/navi-next/packages/runtime/src/routing/__tests__/poi-destination-resolver.test.ts"},{"assertionResults":[{"ancestorTitles":["Phase 4C request-local POI routing overlay"],"fullName":"Phase 4C request-local POI routing overlay routes to an interior edge target while retaining stable POI identity","status":"passed","title":"routes to an interior edge target while retaining stable POI identity","duration":11.43369999999993,"failureMessages":[],"meta":{},"tags":[]},{"ancestorTitles":["Phase 4C request-local POI routing overlay"],"fullName":"Phase 4C request-local POI routing overlay preserves proportional edge cost for an interior projection","status":"passed","title":"preserves proportional edge cost for an interior projection","duration":0.443300000000022,"failureMessages":[],"meta":{},"tags":[]},{"ancestorTitles":["Phase 4C request-local POI routing overlay"],"fullName":"Phase 4C request-local POI routing overlay honors one-way edge eligibility when approaching an interior target","status":"passed","title":"honors one-way edge eligibility when approaching an interior target","duration":1.0108000000000175,"failureMessages":[],"meta":{},"tags":[]},{"ancestorTitles":["Phase 4C request-local POI routing overlay"],"fullName":"Phase 4C request-local POI routing overlay does not leak temporary targets across repeated requests","status":"passed","title":"does not leak temporary targets across repeated requests","duration":11.158300000000054,"failureMessages":[],"meta":{},"tags":[]},{"ancestorTitles":["Phase 4C request-local POI routing overlay"],"fullName":"Phase 4C request-local POI routing overlay isolates sequential POI requests and preserves ordinary node routes","status":"passed","title":"isolates sequential POI requests and preserves ordinary node routes","duration":1.0906999999999698,"failureMessages":[],"meta":{},"tags":[]},{"ancestorTitles":["Phase 4C request-local POI routing overlay"],"fullName":"Phase 4C request-local POI routing overlay routes to a scope-marked outdoor shape POI through the shared request-local overlay","status":"passed","title":"routes to a scope-marked outdoor shape POI through the shared request-local overlay","duration":0.4415000000000191,"failureMessages":[],"meta":{},"tags":[]}],"startTime":1789214619180,"endTime":1789214619205.4414,"status":"passed","message":"","name":"C:/Users/Administrator/Desktop/CODEme/Navi/navi-next/packages/runtime/src/routing/__tests__/poi-destination-routing.test.ts"}]}